#! c:/iverilog-x86/bin/vvp
:ivl_version "10.0 (stable)" "(v10_0)";
:ivl_delay_selection "TYPICAL";
:vpi_time_precision + 0;
:vpi_module "system";
:vpi_module "vhdl_sys";
:vpi_module "v2005_math";
:vpi_module "va_math";
S_006435f8 .scope module, "SHA1_hash" "SHA1_hash" 2 1;
 .timescale 0 0;
    .port_info 0 /INPUT 1 "clk"
    .port_info 1 /INPUT 1 "nreset"
    .port_info 2 /INPUT 1 "start_hash"
    .port_info 3 /INPUT 32 "message_addr"
    .port_info 4 /INPUT 32 "message_size"
    .port_info 5 /OUTPUT 160 "hash"
    .port_info 6 /OUTPUT 1 "done"
    .port_info 7 /OUTPUT 1 "port_A_clk"
    .port_info 8 /OUTPUT 32 "port_A_data_in"
    .port_info 9 /INPUT 32 "port_A_data_out"
    .port_info 10 /OUTPUT 16 "port_A_addr"
    .port_info 11 /OUTPUT 1 "port_A_we"
P_006436c8 .param/l "H_0" 0 2 55, C4<01100111010001010010001100000001>;
P_006436e8 .param/l "H_1" 0 2 56, C4<11101111110011011010101110001001>;
P_00643708 .param/l "H_2" 0 2 57, C4<10011000101110101101110011111110>;
P_00643728 .param/l "H_3" 0 2 58, C4<00010000001100100101010001110110>;
P_00643748 .param/l "H_4" 0 2 59, C4<11000011110100101110000111110000>;
L_0064bd70 .functor BUFZ 1, v0064bcd0_0, C4<0>, C4<0>, C4<0>;
o023a401c .functor BUFZ 1, C4<z>; HiZ drive
L_0239f8b0 .functor BUFZ 1, o023a401c, C4<0>, C4<0>, C4<0>;
L_0239f8f8 .functor BUFZ 160, v0239f338_0, C4<0000000000000000000000000000000000000000000000000000000000000000000000000000000000000000000000000000000000000000000000000000000000000000000000000000000000000000>, C4<0000000000000000000000000000000000000000000000000000000000000000000000000000000000000000000000000000000000000000000000000000000000000000000000000000000000000000>, C4<0000000000000000000000000000000000000000000000000000000000000000000000000000000000000000000000000000000000000000000000000000000000000000000000000000000000000000>;
v0064bc20_0 .net "clk", 0 0, o023a401c;  0 drivers
v0064bc78_0 .net "done", 0 0, L_0064bd70;  1 drivers
v0064bcd0_0 .var "fin", 0 0;
v0239f338_0 .var "finished_hash", 159 0;
v0239f5f8_0 .net "hash", 159 0, L_0239f8f8;  1 drivers
v0239f5a0_0 .var "loop", 6 0;
o023a40ac .functor BUFZ 32, C4<zzzzzzzzzzzzzzzzzzzzzzzzzzzzzzzz>; HiZ drive
v0239f180_0 .net "message_addr", 31 0, o023a40ac;  0 drivers
o023a40c4 .functor BUFZ 32, C4<zzzzzzzzzzzzzzzzzzzzzzzzzzzzzzzz>; HiZ drive
v0239f650_0 .net "message_size", 31 0, o023a40c4;  0 drivers
o023a40dc .functor BUFZ 1, C4<z>; HiZ drive
v0239f3e8_0 .net "nreset", 0 0, o023a40dc;  0 drivers
o023a40f4 .functor BUFZ 16, C4<zzzzzzzzzzzzzzzz>; HiZ drive
v0239f6a8_0 .net "port_A_addr", 15 0, o023a40f4;  0 drivers
v0239f7b0_0 .net "port_A_clk", 0 0, L_0239f8b0;  1 drivers
o023a4124 .functor BUFZ 32, C4<zzzzzzzzzzzzzzzzzzzzzzzzzzzzzzzz>; HiZ drive
v0239f0d0_0 .net "port_A_data_in", 31 0, o023a4124;  0 drivers
o023a413c .functor BUFZ 32, C4<zzzzzzzzzzzzzzzzzzzzzzzzzzzzzzzz>; HiZ drive
v0239f1d8_0 .net "port_A_data_out", 31 0, o023a413c;  0 drivers
o023a4154 .functor BUFZ 1, C4<z>; HiZ drive
v0239f700_0 .net "port_A_we", 0 0, o023a4154;  0 drivers
o023a416c .functor BUFZ 1, C4<z>; HiZ drive
v0239f230_0 .net "start_hash", 0 0, o023a416c;  0 drivers
E_023a2320 .event posedge, v0064bc20_0;
S_0064a330 .scope function, "changeEndian" "changeEndian" 2 62, 2 62 0, S_006435f8;
 .timescale 0 0;
v0064a280_0 .var "changeEndian", 31 0;
v00643770_0 .var "val", 31 0;
TD_SHA1_hash.changeEndian ;
    %load/vec4 v00643770_0;
    %parti/s 8, 0, 2;
    %load/vec4 v00643770_0;
    %parti/s 8, 8, 5;
    %concat/vec4; draw_concat_vec4
    %load/vec4 v00643770_0;
    %parti/s 8, 16, 6;
    %concat/vec4; draw_concat_vec4
    %load/vec4 v00643770_0;
    %parti/s 8, 24, 6;
    %concat/vec4; draw_concat_vec4
    %store/vec4 v0064a280_0, 0, 32;
    %end;
    .scope S_006435f8;
T_1 ;
    %wait E_023a2320;
    %jmp T_1;
    .thread T_1;
    .scope S_006435f8;
T_2 ;
    %wait E_023a2320;
    %load/vec4 v0239f5a0_0;
    %pad/u 32;
    %cmpi/e 0, 0, 32;
    %jmp/0xz  T_2.0, 4;
    %load/vec4 v0239f230_0;
    %flag_set/vec4 8;
    %jmp/0xz  T_2.2, 8;
    %load/vec4 v0239f5a0_0;
    %addi 1, 0, 7;
    %assign/vec4 v0239f5a0_0, 0;
    %jmp T_2.3;
T_2.2 ;
    %pushi/vec4 1, 0, 1;
    %assign/vec4 v0064bcd0_0, 0;
T_2.3 ;
    %jmp T_2.1;
T_2.0 ;
    %load/vec4 v0239f5a0_0;
    %pad/u 32;
    %cmpi/e 80, 0, 32;
    %jmp/0xz  T_2.4, 4;
    %pushi/vec4 1, 0, 1;
    %assign/vec4 v0064bcd0_0, 0;
    %pushi/vec4 0, 0, 7;
    %assign/vec4 v0239f5a0_0, 0;
    %jmp T_2.5;
T_2.4 ;
    %load/vec4 v0239f5a0_0;
    %pad/u 32;
    %cmpi/u 80, 0, 32;
    %jmp/0xz  T_2.6, 5;
    %load/vec4 v0239f5a0_0;
    %addi 1, 0, 7;
    %assign/vec4 v0239f5a0_0, 0;
    %jmp T_2.7;
T_2.6 ;
    %pushi/vec4 0, 0, 7;
    %assign/vec4 v0239f5a0_0, 0;
T_2.7 ;
T_2.5 ;
T_2.1 ;
    %jmp T_2;
    .thread T_2;
# The file index is used to find the file name in the following table.
:file_names 3;
    "N/A";
    "<interactive>";
    "SHA1_hash_interface.v";
