Flow report for SHA1
Mon Mar 14 17:43:51 2016
Quartus II 64-Bit Version 15.0.0 Build 145 04/22/2015 SJ Web Edition


---------------------
; Table of Contents ;
---------------------
  1. Legal Notice
  2. Flow Summary
  3. Flow Settings
  4. Flow Non-Default Global Settings
  5. Flow Elapsed Time
  6. Flow OS Summary
  7. Flow Log
  8. Flow Messages
  9. Flow Suppressed Messages



----------------
; Legal Notice ;
----------------
Copyright (C) 1991-2015 Altera Corporation. All rights reserved.
Your use of Altera Corporation's design tools, logic functions 
and other software and tools, and its AMPP partner logic 
functions, and any output files from any of the foregoing 
(including device programming or simulation files), and any 
associated documentation or information are expressly subject 
to the terms and conditions of the Altera Program License 
Subscription Agreement, the Altera Quartus II License Agreement,
the Altera MegaCore Function License Agreement, or other 
applicable license agreement, including, without limitation, 
that your use is for the sole purpose of programming logic 
devices manufactured by Altera and sold by Altera or its 
authorized distributors.  Please refer to the applicable 
agreement for further details.



+--------------------------------------------------------------------------------+
; Flow Summary                                                                   ;
+-----------------------------------+--------------------------------------------+
; Flow Status                       ; Successful - Mon Mar 14 17:43:51 2016      ;
; Quartus II 64-Bit Version         ; 15.0.0 Build 145 04/22/2015 SJ Web Edition ;
; Revision Name                     ; SHA1                                       ;
; Top-level Entity Name             ; SHA1_hash                                  ;
; Family                            ; Arria II GX                                ;
; Device                            ; EP2AGX45DF29I5                             ;
; Timing Models                     ; Final                                      ;
; Logic utilization                 ; 25 %                                       ;
;     Combinational ALUTs           ; 4,086 / 36,100 ( 11 % )                    ;
;     Memory ALUTs                  ; 0 / 18,050 ( 0 % )                         ;
;     Dedicated logic registers     ; 2,976 / 36,100 ( 8 % )                     ;
; Total registers                   ; 2976                                       ;
; Total pins                        ; 310 / 404 ( 77 % )                         ;
; Total virtual pins                ; 0                                          ;
; Total block memory bits           ; 0 / 2,939,904 ( 0 % )                      ;
; DSP block 18-bit elements         ; 0 / 232 ( 0 % )                            ;
; Total GXB Receiver Channel PCS    ; 0 / 8 ( 0 % )                              ;
; Total GXB Receiver Channel PMA    ; 0 / 8 ( 0 % )                              ;
; Total GXB Transmitter Channel PCS ; 0 / 8 ( 0 % )                              ;
; Total GXB Transmitter Channel PMA ; 0 / 8 ( 0 % )                              ;
; Total PLLs                        ; 0 / 4 ( 0 % )                              ;
; Total DLLs                        ; 0 / 2 ( 0 % )                              ;
+-----------------------------------+--------------------------------------------+


+-----------------------------------------+
; Flow Settings                           ;
+-------------------+---------------------+
; Option            ; Setting             ;
+-------------------+---------------------+
; Start date & time ; 03/14/2016 17:40:56 ;
; Main task         ; Compilation         ;
; Revision Name     ; SHA1                ;
+-------------------+---------------------+


+----------------------------------------------------------------------------------------------------------------------------+
; Flow Non-Default Global Settings                                                                                           ;
+-------------------------------------+---------------------------------------+---------------+-------------+----------------+
; Assignment Name                     ; Value                                 ; Default Value ; Entity Name ; Section Id     ;
+-------------------------------------+---------------------------------------+---------------+-------------+----------------+
; COMPILER_SIGNATURE_ID               ; 207120305140578.145800245605356       ; --            ; --          ; --             ;
; EDA_OUTPUT_DATA_FORMAT              ; Vhdl                                  ; --            ; --          ; eda_simulation ;
; EDA_SIMULATION_TOOL                 ; ModelSim-Altera (VHDL)                ; <None>        ; --          ; --             ;
; MAX_CORE_JUNCTION_TEMP              ; 100                                   ; --            ; --          ; --             ;
; MIN_CORE_JUNCTION_TEMP              ; -40                                   ; --            ; --          ; --             ;
; PARTITION_COLOR                     ; 16764057                              ; --            ; SHA1_hash   ; Top            ;
; PARTITION_FITTER_PRESERVATION_LEVEL ; PLACEMENT_AND_ROUTING                 ; --            ; SHA1_hash   ; Top            ;
; PARTITION_NETLIST_TYPE              ; SOURCE                                ; --            ; SHA1_hash   ; Top            ;
; POWER_BOARD_THERMAL_MODEL           ; None (CONSERVATIVE)                   ; --            ; --          ; --             ;
; POWER_PRESET_COOLING_SOLUTION       ; 23 MM HEAT SINK WITH 200 LFPM AIRFLOW ; --            ; --          ; --             ;
; PROJECT_OUTPUT_DIRECTORY            ; output_files                          ; --            ; --          ; --             ;
; TOP_LEVEL_ENTITY                    ; SHA1_hash                             ; SHA1          ; --          ; --             ;
+-------------------------------------+---------------------------------------+---------------+-------------+----------------+


+-------------------------------------------------------------------------------------------------------------------------------+
; Flow Elapsed Time                                                                                                             ;
+---------------------------+--------------+-------------------------+---------------------+------------------------------------+
; Module Name               ; Elapsed Time ; Average Processors Used ; Peak Virtual Memory ; Total CPU Time (on all processors) ;
+---------------------------+--------------+-------------------------+---------------------+------------------------------------+
; Analysis & Synthesis      ; 00:00:39     ; 1.0                     ; 852 MB              ; 00:00:47                           ;
; Fitter                    ; 00:01:34     ; 2.1                     ; 1887 MB             ; 00:02:12                           ;
; Assembler                 ; 00:00:06     ; 1.0                     ; 766 MB              ; 00:00:07                           ;
; TimeQuest Timing Analyzer ; 00:00:13     ; 1.5                     ; 1000 MB             ; 00:00:13                           ;
; EDA Netlist Writer        ; 00:00:12     ; 1.0                     ; 747 MB              ; 00:00:11                           ;
; Total                     ; 00:02:44     ; --                      ; --                  ; 00:03:30                           ;
+---------------------------+--------------+-------------------------+---------------------+------------------------------------+


+----------------------------------------------------------------------------------------+
; Flow OS Summary                                                                        ;
+---------------------------+------------------+-----------+------------+----------------+
; Module Name               ; Machine Hostname ; OS Name   ; OS Version ; Processor type ;
+---------------------------+------------------+-----------+------------+----------------+
; Analysis & Synthesis      ; ArsenalGear      ; Windows 7 ; 6.2        ; x86_64         ;
; Fitter                    ; ArsenalGear      ; Windows 7 ; 6.2        ; x86_64         ;
; Assembler                 ; ArsenalGear      ; Windows 7 ; 6.2        ; x86_64         ;
; TimeQuest Timing Analyzer ; ArsenalGear      ; Windows 7 ; 6.2        ; x86_64         ;
; EDA Netlist Writer        ; ArsenalGear      ; Windows 7 ; 6.2        ; x86_64         ;
+---------------------------+------------------+-----------+------------+----------------+


------------
; Flow Log ;
------------
quartus_map --read_settings_files=on --write_settings_files=off SHA1 -c SHA1
quartus_fit --read_settings_files=off --write_settings_files=off SHA1 -c SHA1
quartus_asm --read_settings_files=off --write_settings_files=off SHA1 -c SHA1
quartus_sta SHA1 -c SHA1
quartus_eda --read_settings_files=off --write_settings_files=off SHA1 -c SHA1



